Generating MSA F1
MZ22508040
------
3	 sequence(s) with genetic code	The_Standard_Code
Build draft alignment using greedy strategy based on UPGMA tree
compute kmer dist 
build UPGMA done 
++start refining the alignment
++.-.
Refine 2 cut : sum of pair========= 1 => -4062.0068
.-.--
Refine 2 cut : sum of pair========= 2 => -4062.0068
true
/home/lgutierr/projects/rrg-chauvec/lgutierr/subfamilies/synteny_in_x_vs_n-x-q/synteny_in_3_and_n-3-2/Alignments/F1/NT_Al/MZ22508040.fasta

Generating MSA F2
MZ22503867
------
15	 sequence(s) with genetic code	The_Standard_Code
Build draft alignment using greedy strategy based on UPGMA tree
compute kmer dist 
build UPGMA done 
++++++++++++++start refining the alignment
++.++...+..++.++...++..+..+..
Refine 2 cut : sum of pair========= 1 => -129332.96
.+......+..++..........+.++..
Refine 2 cut : sum of pair========= 2 => -129614.11
.+.++.....+..+........++.+.-.
Refine 2 cut : sum of pair========= 3 => -129763.61
.-.+....+.....+.....+....+.-.
Refine 2 cut : sum of pair========= 4 => -129797.26
...........+...............-.
Refine 2 cut : sum of pair========= 5 => -129798.26
.-..........-....-.--.-------
Refine 2 cut : sum of pair========= 6 => -129798.26
true
/home/lgutierr/projects/rrg-chauvec/lgutierr/subfamilies/synteny_in_x_vs_n-x-q/synteny_in_3_and_n-3-2/Alignments/F2/NT_Al/MZ22503867.fasta

Generating MSA F1_F2
MZ22508040_MZ22503867
------
18	 sequence(s) with genetic code	The_Standard_Code
Build draft alignment using greedy strategy based on UPGMA tree
compute kmer dist 
build UPGMA done 
+++++++++++++++++start refining the alignment
++++++.+.+++...+.+...++.+..+.++....
Refine 2 cut : sum of pair========= 1 => -138131.7
+..+++.+..+......++...++.....++....
Refine 2 cut : sum of pair========= 2 => -138845.47
+..++......+.........+.............
Refine 2 cut : sum of pair========= 3 => -139011.52
.......+..+.....................+..
Refine 2 cut : sum of pair========= 4 => -139022.52
.......................-.....+...-.
Refine 2 cut : sum of pair========= 5 => -139023.52
...............................----
Refine 2 cut : sum of pair========= 6 => -139023.52
true
/home/lgutierr/projects/rrg-chauvec/lgutierr/subfamilies/synteny_in_x_vs_n-x-q/synteny_in_3_and_n-3-2/Alignments/F1_F2/NT_Al/MZ22508040_MZ22503867.fasta
------
------
------
Apply exportAlignment on F1
MZ22508040
------
3	 sequence(s) with genetic code	The_Standard_Code
true
/home/lgutierr/projects/rrg-chauvec/lgutierr/subfamilies/synteny_in_x_vs_n-x-q/synteny_in_3_and_n-3-2/Alignments/F1/NT_exp/MZ22508040.fasta

Apply exportAlignment on F2
MZ22503867
------
15	 sequence(s) with genetic code	The_Standard_Code
true
/home/lgutierr/projects/rrg-chauvec/lgutierr/subfamilies/synteny_in_x_vs_n-x-q/synteny_in_3_and_n-3-2/Alignments/F2/NT_exp/MZ22503867.fasta

Apply exportAlignment on F1_F2
MZ22508040_MZ22503867
------
18	 sequence(s) with genetic code	The_Standard_Code
true
/home/lgutierr/projects/rrg-chauvec/lgutierr/subfamilies/synteny_in_x_vs_n-x-q/synteny_in_3_and_n-3-2/Alignments/F1_F2/NT_exp/MZ22508040_MZ22503867.fasta
------
------
------
Apply splitAlignment on F1_F2 to get F1P and F2P
MZ22508040_MZ22503867
F1P MZ22508040
F2P MZ22503867
------
18	 sequence(s) with genetic code	The_Standard_Code
(seq_1,seq_23,seq_27)
------
------
------
QSCORE F1 and F1P
MZ22508040
------
3 seqs; 0 of 3 pairs (0.0%)3 seqs; 3 of 3 pairs (100%)
Test=/home/lgutierr/projects/rrg-chauvec/lgutierr/subfamilies/synteny_in_x_vs_n-x-q/synteny_in_3_and_n-3-2/Alignments/F1P/MZ22508040.fasta;Ref=/home/lgutierr/projects/rrg-chauvec/lgutierr/subfamilies/synteny_in_x_vs_n-x-q/synteny_in_3_and_n-3-2/Alignments/F1/NT_exp/MZ22508040.fasta;Q=0.839;TC=0.799;Cline=0.836

QSCORE F2 and F2P
MZ22503867
------
15 seqs; 0 of 105 pairs (0.0%)15 seqs; 100 of 105 pairs (95.2%)15 seqs; 105 of 105 pairs (100%)
Test=/home/lgutierr/projects/rrg-chauvec/lgutierr/subfamilies/synteny_in_x_vs_n-x-q/synteny_in_3_and_n-3-2/Alignments/F2P/MZ22503867.fasta;Ref=/home/lgutierr/projects/rrg-chauvec/lgutierr/subfamilies/synteny_in_x_vs_n-x-q/synteny_in_3_and_n-3-2/Alignments/F2/NT_exp/MZ22503867.fasta;Q=0.947;TC=0.781;Cline=0.934
------
------
 
 
END
 
 
------
------
