Generating MSA F1
MZ22519119
------
3	 sequence(s) with genetic code	The_Standard_Code
Build draft alignment using greedy strategy based on UPGMA tree
compute kmer dist 
build UPGMA done 
++start refining the alignment
+..-.
Refine 2 cut : sum of pair========= 1 => -2553.5981
.----
Refine 2 cut : sum of pair========= 2 => -2553.5981
true
/home/lgutierr/projects/rrg-chauvec/lgutierr/subfamilies/synteny_in_x_vs_n-x-q/synteny_in_3_and_n-3-2/Alignments/F1/NT_Al/MZ22519119.fasta

Generating MSA F2
MZ22518135
------
13	 sequence(s) with genetic code	The_Standard_Code
Build draft alignment using greedy strategy based on UPGMA tree
compute kmer dist 
build UPGMA done 
++++++++++++start refining the alignment
.+...+..++...+..+...+....
Refine 2 cut : sum of pair========= 1 => -78263.11
...+........+......+..+..
Refine 2 cut : sum of pair========= 2 => -78336.016
......-................--
Refine 2 cut : sum of pair========= 3 => -78336.016
true
/home/lgutierr/projects/rrg-chauvec/lgutierr/subfamilies/synteny_in_x_vs_n-x-q/synteny_in_3_and_n-3-2/Alignments/F2/NT_Al/MZ22518135.fasta

Generating MSA F1_F2
MZ22519119_MZ22518135
------
16	 sequence(s) with genetic code	The_Standard_Code
Build draft alignment using greedy strategy based on UPGMA tree
compute kmer dist 
build UPGMA done 
+++++++++++++++start refining the alignment
++...+.......+.....+....++..+..
Refine 2 cut : sum of pair========= 1 => -111983.42
.......+.......++.....+..+.....
Refine 2 cut : sum of pair========= 2 => -112159.62
-..+.......+...++.+......+.....
Refine 2 cut : sum of pair========= 3 => -112285.266
+.+.......++...+...........+...
Refine 2 cut : sum of pair========= 4 => -112343.266
.....+.......................+.
Refine 2 cut : sum of pair========= 5 => -112377.016
...+...........................
Refine 2 cut : sum of pair========= 6 => -112391.016
-..-.-.-.---..-----------------
Refine 2 cut : sum of pair========= 7 => -112391.016
true
/home/lgutierr/projects/rrg-chauvec/lgutierr/subfamilies/synteny_in_x_vs_n-x-q/synteny_in_3_and_n-3-2/Alignments/F1_F2/NT_Al/MZ22519119_MZ22518135.fasta
------
------
------
Apply exportAlignment on F1
MZ22519119
------
3	 sequence(s) with genetic code	The_Standard_Code
true
/home/lgutierr/projects/rrg-chauvec/lgutierr/subfamilies/synteny_in_x_vs_n-x-q/synteny_in_3_and_n-3-2/Alignments/F1/NT_exp/MZ22519119.fasta

Apply exportAlignment on F2
MZ22518135
------
13	 sequence(s) with genetic code	The_Standard_Code
true
/home/lgutierr/projects/rrg-chauvec/lgutierr/subfamilies/synteny_in_x_vs_n-x-q/synteny_in_3_and_n-3-2/Alignments/F2/NT_exp/MZ22518135.fasta

Apply exportAlignment on F1_F2
MZ22519119_MZ22518135
------
16	 sequence(s) with genetic code	The_Standard_Code
true
/home/lgutierr/projects/rrg-chauvec/lgutierr/subfamilies/synteny_in_x_vs_n-x-q/synteny_in_3_and_n-3-2/Alignments/F1_F2/NT_exp/MZ22519119_MZ22518135.fasta
------
------
------
Apply splitAlignment on F1_F2 to get F1P and F2P
MZ22519119_MZ22518135
F1P MZ22519119
F2P MZ22518135
------
16	 sequence(s) with genetic code	The_Standard_Code
(seq_31,seq_25,seq_23)
------
------
------
QSCORE F1 and F1P
MZ22519119
------
3 seqs; 0 of 3 pairs (0.0%)3 seqs; 3 of 3 pairs (100%)
Test=/home/lgutierr/projects/rrg-chauvec/lgutierr/subfamilies/synteny_in_x_vs_n-x-q/synteny_in_3_and_n-3-2/Alignments/F1P/MZ22519119.fasta;Ref=/home/lgutierr/projects/rrg-chauvec/lgutierr/subfamilies/synteny_in_x_vs_n-x-q/synteny_in_3_and_n-3-2/Alignments/F1/NT_exp/MZ22519119.fasta;Q=0.915;TC=0.809;Cline=0.925

QSCORE F2 and F2P
MZ22518135
------
13 seqs; 0 of 78 pairs (0.0%)13 seqs; 78 of 78 pairs (100%)
Test=/home/lgutierr/projects/rrg-chauvec/lgutierr/subfamilies/synteny_in_x_vs_n-x-q/synteny_in_3_and_n-3-2/Alignments/F2P/MZ22518135.fasta;Ref=/home/lgutierr/projects/rrg-chauvec/lgutierr/subfamilies/synteny_in_x_vs_n-x-q/synteny_in_3_and_n-3-2/Alignments/F2/NT_exp/MZ22518135.fasta;Q=0.977;TC=0.844;Cline=0.975
------
------
 
 
END
 
 
------
------
