Generating MSA F1
MZ22514725
------
3	 sequence(s) with genetic code	The_Standard_Code
Build draft alignment using greedy strategy based on UPGMA tree
compute kmer dist 
build UPGMA done 
++start refining the alignment
...-.
Refine 2 cut : sum of pair========= 1 => -5036.4
true
/home/lgutierr/projects/rrg-chauvec/lgutierr/subfamilies/synteny_in_x_vs_n-x-q/synteny_in_3_and_n-3-2/Alignments/F1/NT_Al/MZ22514725.fasta

Generating MSA F2
MZ22502949
------
16	 sequence(s) with genetic code	The_Standard_Code
Build draft alignment using greedy strategy based on UPGMA tree
compute kmer dist 
build UPGMA done 
+++++++++++++++start refining the alignment
++.+...+..++..+.++.+.+++.......
Refine 2 cut : sum of pair========= 1 => -196545.75
..........-......-...+.........
Refine 2 cut : sum of pair========= 2 => -196561.75
....-.-...-.......-..........--
Refine 2 cut : sum of pair========= 3 => -196561.75
true
/home/lgutierr/projects/rrg-chauvec/lgutierr/subfamilies/synteny_in_x_vs_n-x-q/synteny_in_3_and_n-3-2/Alignments/F2/NT_Al/MZ22502949.fasta

Generating MSA F1_F2
MZ22514725_MZ22502949
------
19	 sequence(s) with genetic code	The_Standard_Code
Build draft alignment using greedy strategy based on UPGMA tree
compute kmer dist 
build UPGMA done 
++++++++++++++++++start refining the alignment
++.....+.+...................+.....-.
Refine 2 cut : sum of pair========= 1 => -251105.64
---..............-.................--
Refine 2 cut : sum of pair========= 2 => -251105.64
true
/home/lgutierr/projects/rrg-chauvec/lgutierr/subfamilies/synteny_in_x_vs_n-x-q/synteny_in_3_and_n-3-2/Alignments/F1_F2/NT_Al/MZ22514725_MZ22502949.fasta
------
------
------
Apply exportAlignment on F1
MZ22514725
------
3	 sequence(s) with genetic code	The_Standard_Code
true
/home/lgutierr/projects/rrg-chauvec/lgutierr/subfamilies/synteny_in_x_vs_n-x-q/synteny_in_3_and_n-3-2/Alignments/F1/NT_exp/MZ22514725.fasta

Apply exportAlignment on F2
MZ22502949
------
16	 sequence(s) with genetic code	The_Standard_Code
true
/home/lgutierr/projects/rrg-chauvec/lgutierr/subfamilies/synteny_in_x_vs_n-x-q/synteny_in_3_and_n-3-2/Alignments/F2/NT_exp/MZ22502949.fasta

Apply exportAlignment on F1_F2
MZ22514725_MZ22502949
------
19	 sequence(s) with genetic code	The_Standard_Code
true
/home/lgutierr/projects/rrg-chauvec/lgutierr/subfamilies/synteny_in_x_vs_n-x-q/synteny_in_3_and_n-3-2/Alignments/F1_F2/NT_exp/MZ22514725_MZ22502949.fasta
------
------
------
Apply splitAlignment on F1_F2 to get F1P and F2P
MZ22514725_MZ22502949
F1P MZ22514725
F2P MZ22502949
------
19	 sequence(s) with genetic code	The_Standard_Code
(seq_31,seq_3,seq_27)
------
------
------
QSCORE F1 and F1P
MZ22514725
------
3 seqs; 0 of 3 pairs (0.0%)3 seqs; 3 of 3 pairs (100%)
Test=/home/lgutierr/projects/rrg-chauvec/lgutierr/subfamilies/synteny_in_x_vs_n-x-q/synteny_in_3_and_n-3-2/Alignments/F1P/MZ22514725.fasta;Ref=/home/lgutierr/projects/rrg-chauvec/lgutierr/subfamilies/synteny_in_x_vs_n-x-q/synteny_in_3_and_n-3-2/Alignments/F1/NT_exp/MZ22514725.fasta;Q=1;TC=1;Cline=1

QSCORE F2 and F2P
MZ22502949
------
16 seqs; 0 of 120 pairs (0.0%)16 seqs; 100 of 120 pairs (83.3%)16 seqs; 120 of 120 pairs (100%)
Test=/home/lgutierr/projects/rrg-chauvec/lgutierr/subfamilies/synteny_in_x_vs_n-x-q/synteny_in_3_and_n-3-2/Alignments/F2P/MZ22502949.fasta;Ref=/home/lgutierr/projects/rrg-chauvec/lgutierr/subfamilies/synteny_in_x_vs_n-x-q/synteny_in_3_and_n-3-2/Alignments/F2/NT_exp/MZ22502949.fasta;Q=0.95;TC=0.798;Cline=0.842
------
------
 
 
END
 
 
------
------
