Generating MSA F1
MZ22520997
------
3	 sequence(s) with genetic code	The_Standard_Code
Build draft alignment using greedy strategy based on UPGMA tree
compute kmer dist 
build UPGMA done 
++start refining the alignment
...-.
Refine 2 cut : sum of pair========= 1 => -907.3008
true
/home/lgutierr/projects/rrg-chauvec/lgutierr/subfamilies/synteny_in_x_vs_n-x-q/synteny_in_3_and_n-3-2/Alignments/F1/NT_Al/MZ22520997.fasta

Generating MSA F2
MZ22515611
------
13	 sequence(s) with genetic code	The_Standard_Code
Build draft alignment using greedy strategy based on UPGMA tree
compute kmer dist 
build UPGMA done 
++++++++++++start refining the alignment
.......................-.
Refine 2 cut : sum of pair========= 1 => -121020.58
true
/home/lgutierr/projects/rrg-chauvec/lgutierr/subfamilies/synteny_in_x_vs_n-x-q/synteny_in_3_and_n-3-2/Alignments/F2/NT_Al/MZ22515611.fasta

Generating MSA F1_F2
MZ22520997_MZ22515611
------
16	 sequence(s) with genetic code	The_Standard_Code
Build draft alignment using greedy strategy based on UPGMA tree
compute kmer dist 
build UPGMA done 
+++++++++++++++start refining the alignment
+..+.........................-.
Refine 2 cut : sum of pair========= 1 => -115600.29
.--..-+.....+..................
Refine 2 cut : sum of pair========= 2 => -115623.64
....-........------------------
Refine 2 cut : sum of pair========= 3 => -115623.64
true
/home/lgutierr/projects/rrg-chauvec/lgutierr/subfamilies/synteny_in_x_vs_n-x-q/synteny_in_3_and_n-3-2/Alignments/F1_F2/NT_Al/MZ22520997_MZ22515611.fasta
------
------
------
Apply exportAlignment on F1
MZ22520997
------
3	 sequence(s) with genetic code	The_Standard_Code
true
/home/lgutierr/projects/rrg-chauvec/lgutierr/subfamilies/synteny_in_x_vs_n-x-q/synteny_in_3_and_n-3-2/Alignments/F1/NT_exp/MZ22520997.fasta

Apply exportAlignment on F2
MZ22515611
------
13	 sequence(s) with genetic code	The_Standard_Code
true
/home/lgutierr/projects/rrg-chauvec/lgutierr/subfamilies/synteny_in_x_vs_n-x-q/synteny_in_3_and_n-3-2/Alignments/F2/NT_exp/MZ22515611.fasta

Apply exportAlignment on F1_F2
MZ22520997_MZ22515611
------
16	 sequence(s) with genetic code	The_Standard_Code
true
/home/lgutierr/projects/rrg-chauvec/lgutierr/subfamilies/synteny_in_x_vs_n-x-q/synteny_in_3_and_n-3-2/Alignments/F1_F2/NT_exp/MZ22520997_MZ22515611.fasta
------
------
------
Apply splitAlignment on F1_F2 to get F1P and F2P
MZ22520997_MZ22515611
F1P MZ22520997
F2P MZ22515611
------
16	 sequence(s) with genetic code	The_Standard_Code
(seq_29,seq_1,seq_31)
------
------
------
QSCORE F1 and F1P
MZ22520997
------
3 seqs; 0 of 3 pairs (0.0%)3 seqs; 3 of 3 pairs (100%)
Test=/home/lgutierr/projects/rrg-chauvec/lgutierr/subfamilies/synteny_in_x_vs_n-x-q/synteny_in_3_and_n-3-2/Alignments/F1P/MZ22520997.fasta;Ref=/home/lgutierr/projects/rrg-chauvec/lgutierr/subfamilies/synteny_in_x_vs_n-x-q/synteny_in_3_and_n-3-2/Alignments/F1/NT_exp/MZ22520997.fasta;Q=0.505;TC=0.275;Cline=0.619

QSCORE F2 and F2P
MZ22515611
------
13 seqs; 0 of 78 pairs (0.0%)13 seqs; 78 of 78 pairs (100%)
Test=/home/lgutierr/projects/rrg-chauvec/lgutierr/subfamilies/synteny_in_x_vs_n-x-q/synteny_in_3_and_n-3-2/Alignments/F2P/MZ22515611.fasta;Ref=/home/lgutierr/projects/rrg-chauvec/lgutierr/subfamilies/synteny_in_x_vs_n-x-q/synteny_in_3_and_n-3-2/Alignments/F2/NT_exp/MZ22515611.fasta;Q=1;TC=1;Cline=1
------
------
 
 
END
 
 
------
------
