Generating MSA F1
MZ22520185
------
3	 sequence(s) with genetic code	The_Standard_Code
Build draft alignment using greedy strategy based on UPGMA tree
compute kmer dist 
build UPGMA done 
++start refining the alignment
+..-.
Refine 2 cut : sum of pair========= 1 => -2287.3481
--.--
Refine 2 cut : sum of pair========= 2 => -2287.3481
true
/home/lgutierr/projects/rrg-chauvec/lgutierr/subfamilies/synteny_in_x_vs_n-x-q/synteny_in_3_and_n-3-2/Alignments/F1/NT_Al/MZ22520185.fasta

Generating MSA F2
MZ22521381
------
14	 sequence(s) with genetic code	The_Standard_Code
Build draft alignment using greedy strategy based on UPGMA tree
compute kmer dist 
build UPGMA done 
+++++++++++++start refining the alignment
+..++....++..+.+..+.+..++..
Refine 2 cut : sum of pair========= 1 => -38936.164
+.+......+..........++..+..
Refine 2 cut : sum of pair========= 2 => -39057.56
.+...........+...........-.
Refine 2 cut : sum of pair========= 3 => -39067.56
.............-..-..-.-.-.--
Refine 2 cut : sum of pair========= 4 => -39067.56
true
/home/lgutierr/projects/rrg-chauvec/lgutierr/subfamilies/synteny_in_x_vs_n-x-q/synteny_in_3_and_n-3-2/Alignments/F2/NT_Al/MZ22521381.fasta

Generating MSA F1_F2
MZ22520185_MZ22521381
------
17	 sequence(s) with genetic code	The_Standard_Code
Build draft alignment using greedy strategy based on UPGMA tree
compute kmer dist 
build UPGMA done 
++++++++++++++++start refining the alignment
.+++.+.+.+.+...++....+.+..++..+..
Refine 2 cut : sum of pair========= 1 => -44517.97
...........-.+.............+...-.
Refine 2 cut : sum of pair========= 2 => -44531.97
.........................+.....-.
Refine 2 cut : sum of pair========= 3 => -44540.97
.........................+.....-.
Refine 2 cut : sum of pair========= 4 => -44542.97
...........................-..---
Refine 2 cut : sum of pair========= 5 => -44542.97
true
/home/lgutierr/projects/rrg-chauvec/lgutierr/subfamilies/synteny_in_x_vs_n-x-q/synteny_in_3_and_n-3-2/Alignments/F1_F2/NT_Al/MZ22520185_MZ22521381.fasta
------
------
------
Apply exportAlignment on F1
MZ22520185
------
3	 sequence(s) with genetic code	The_Standard_Code
true
/home/lgutierr/projects/rrg-chauvec/lgutierr/subfamilies/synteny_in_x_vs_n-x-q/synteny_in_3_and_n-3-2/Alignments/F1/NT_exp/MZ22520185.fasta

Apply exportAlignment on F2
MZ22521381
------
14	 sequence(s) with genetic code	The_Standard_Code
true
/home/lgutierr/projects/rrg-chauvec/lgutierr/subfamilies/synteny_in_x_vs_n-x-q/synteny_in_3_and_n-3-2/Alignments/F2/NT_exp/MZ22521381.fasta

Apply exportAlignment on F1_F2
MZ22520185_MZ22521381
------
17	 sequence(s) with genetic code	The_Standard_Code
true
/home/lgutierr/projects/rrg-chauvec/lgutierr/subfamilies/synteny_in_x_vs_n-x-q/synteny_in_3_and_n-3-2/Alignments/F1_F2/NT_exp/MZ22520185_MZ22521381.fasta
------
------
------
Apply splitAlignment on F1_F2 to get F1P and F2P
MZ22520185_MZ22521381
F1P MZ22520185
F2P MZ22521381
------
17	 sequence(s) with genetic code	The_Standard_Code
(seq_9,seq_7,seq_15)
------
------
------
QSCORE F1 and F1P
MZ22520185
------
3 seqs; 0 of 3 pairs (0.0%)3 seqs; 3 of 3 pairs (100%)
Test=/home/lgutierr/projects/rrg-chauvec/lgutierr/subfamilies/synteny_in_x_vs_n-x-q/synteny_in_3_and_n-3-2/Alignments/F1P/MZ22520185.fasta;Ref=/home/lgutierr/projects/rrg-chauvec/lgutierr/subfamilies/synteny_in_x_vs_n-x-q/synteny_in_3_and_n-3-2/Alignments/F1/NT_exp/MZ22520185.fasta;Q=0.951;TC=0.894;Cline=0.957

QSCORE F2 and F2P
MZ22521381
------
14 seqs; 0 of 91 pairs (0.0%)14 seqs; 91 of 91 pairs (100%)
Test=/home/lgutierr/projects/rrg-chauvec/lgutierr/subfamilies/synteny_in_x_vs_n-x-q/synteny_in_3_and_n-3-2/Alignments/F2P/MZ22521381.fasta;Ref=/home/lgutierr/projects/rrg-chauvec/lgutierr/subfamilies/synteny_in_x_vs_n-x-q/synteny_in_3_and_n-3-2/Alignments/F2/NT_exp/MZ22521381.fasta;Q=0.924;TC=0.743;Cline=0.924
------
------
 
 
END
 
 
------
------
