Generating MSA F1
MZ22518487
------
3	 sequence(s) with genetic code	The_Standard_Code
Build draft alignment using greedy strategy based on UPGMA tree
compute kmer dist 
build UPGMA done 
++start refining the alignment
...-.
Refine 2 cut : sum of pair========= 1 => -4223.0
true
/home/lgutierr/projects/rrg-chauvec/lgutierr/subfamilies/synteny_in_x_vs_n-x-q/synteny_in_3_and_n-3-2/Alignments/F1/NT_Al/MZ22518487.fasta

Generating MSA F2
MZ22509506
------
13	 sequence(s) with genetic code	The_Standard_Code
Build draft alignment using greedy strategy based on UPGMA tree
compute kmer dist 
build UPGMA done 
++++++++++++start refining the alignment
++.+.............+..++...
Refine 2 cut : sum of pair========= 1 => -73131.6
+..............+.+.....-.
Refine 2 cut : sum of pair========= 2 => -73194.555
.............-.....--..--
Refine 2 cut : sum of pair========= 3 => -73194.555
true
/home/lgutierr/projects/rrg-chauvec/lgutierr/subfamilies/synteny_in_x_vs_n-x-q/synteny_in_3_and_n-3-2/Alignments/F2/NT_Al/MZ22509506.fasta

Generating MSA F1_F2
MZ22518487_MZ22509506
------
16	 sequence(s) with genetic code	The_Standard_Code
Build draft alignment using greedy strategy based on UPGMA tree
compute kmer dist 
build UPGMA done 
+++++++++++++++start refining the alignment
.........+.........+.+.......-.
Refine 2 cut : sum of pair========= 1 => -108628.47
.........+...................-.
Refine 2 cut : sum of pair========= 2 => -108638.47
..........---------------------
Refine 2 cut : sum of pair========= 3 => -108638.47
true
/home/lgutierr/projects/rrg-chauvec/lgutierr/subfamilies/synteny_in_x_vs_n-x-q/synteny_in_3_and_n-3-2/Alignments/F1_F2/NT_Al/MZ22518487_MZ22509506.fasta
------
------
------
Apply exportAlignment on F1
MZ22518487
------
3	 sequence(s) with genetic code	The_Standard_Code
true
/home/lgutierr/projects/rrg-chauvec/lgutierr/subfamilies/synteny_in_x_vs_n-x-q/synteny_in_3_and_n-3-2/Alignments/F1/NT_exp/MZ22518487.fasta

Apply exportAlignment on F2
MZ22509506
------
13	 sequence(s) with genetic code	The_Standard_Code
true
/home/lgutierr/projects/rrg-chauvec/lgutierr/subfamilies/synteny_in_x_vs_n-x-q/synteny_in_3_and_n-3-2/Alignments/F2/NT_exp/MZ22509506.fasta

Apply exportAlignment on F1_F2
MZ22518487_MZ22509506
------
16	 sequence(s) with genetic code	The_Standard_Code
true
/home/lgutierr/projects/rrg-chauvec/lgutierr/subfamilies/synteny_in_x_vs_n-x-q/synteny_in_3_and_n-3-2/Alignments/F1_F2/NT_exp/MZ22518487_MZ22509506.fasta
------
------
------
Apply splitAlignment on F1_F2 to get F1P and F2P
MZ22518487_MZ22509506
F1P MZ22518487
F2P MZ22509506
------
16	 sequence(s) with genetic code	The_Standard_Code
(seq_5,seq_11,seq_9)
------
------
------
QSCORE F1 and F1P
MZ22518487
------
3 seqs; 0 of 3 pairs (0.0%)3 seqs; 3 of 3 pairs (100%)
Test=/home/lgutierr/projects/rrg-chauvec/lgutierr/subfamilies/synteny_in_x_vs_n-x-q/synteny_in_3_and_n-3-2/Alignments/F1P/MZ22518487.fasta;Ref=/home/lgutierr/projects/rrg-chauvec/lgutierr/subfamilies/synteny_in_x_vs_n-x-q/synteny_in_3_and_n-3-2/Alignments/F1/NT_exp/MZ22518487.fasta;Q=1;TC=1;Cline=1

QSCORE F2 and F2P
MZ22509506
------
13 seqs; 0 of 78 pairs (0.0%)13 seqs; 78 of 78 pairs (100%)
Test=/home/lgutierr/projects/rrg-chauvec/lgutierr/subfamilies/synteny_in_x_vs_n-x-q/synteny_in_3_and_n-3-2/Alignments/F2P/MZ22509506.fasta;Ref=/home/lgutierr/projects/rrg-chauvec/lgutierr/subfamilies/synteny_in_x_vs_n-x-q/synteny_in_3_and_n-3-2/Alignments/F2/NT_exp/MZ22509506.fasta;Q=0.958;TC=0.833;Cline=0.901
------
------
 
 
END
 
 
------
------
