Generating MSA F1
MZ22518279
------
3	 sequence(s) with genetic code	The_Standard_Code
Build draft alignment using greedy strategy based on UPGMA tree
compute kmer dist 
build UPGMA done 
++start refining the alignment
++++.
Refine 2 cut : sum of pair========= 1 => -9926.705
+....
Refine 2 cut : sum of pair========= 2 => -9927.705
-----
Refine 2 cut : sum of pair========= 3 => -9927.705
true
/home/lgutierr/projects/rrg-chauvec/lgutierr/subfamilies/synteny_in_x_vs_n-x-q/synteny_in_3_and_n-3-2/Alignments/F1/NT_Al/MZ22518279.fasta

Generating MSA F2
MZ22511606
------
14	 sequence(s) with genetic code	The_Standard_Code
Build draft alignment using greedy strategy based on UPGMA tree
compute kmer dist 
build UPGMA done 
+++++++++++++start refining the alignment
..++++..+.+.+.+++++..+++.+.
Refine 2 cut : sum of pair========= 1 => -158159.1
.+++.+..+.+++.++.+++..++.+.
Refine 2 cut : sum of pair========= 2 => -162760.8
+++.....+.+.+........+++.+.
Refine 2 cut : sum of pair========= 3 => -166255.3
..........+....+...+...+...
Refine 2 cut : sum of pair========= 4 => -166671.25
-.......+...+.++...........
Refine 2 cut : sum of pair========= 5 => -166742.05
-.......-...-....-....-..--
Refine 2 cut : sum of pair========= 6 => -166742.05
true
/home/lgutierr/projects/rrg-chauvec/lgutierr/subfamilies/synteny_in_x_vs_n-x-q/synteny_in_3_and_n-3-2/Alignments/F2/NT_Al/MZ22511606.fasta

Generating MSA F1_F2
MZ22518279_MZ22511606
------
17	 sequence(s) with genetic code	The_Standard_Code
Build draft alignment using greedy strategy based on UPGMA tree
compute kmer dist 
build UPGMA done 
++++++++++++++++start refining the alignment
+++.+....+.+.+.+.+.++.++..+.+++..
Refine 2 cut : sum of pair========= 1 => -248924.83
.++..+.............+.....+...++..
Refine 2 cut : sum of pair========= 2 => -249226.98
..+.............+..+........+..-.
Refine 2 cut : sum of pair========= 3 => -249324.8
+++................+........+.+..
Refine 2 cut : sum of pair========= 4 => -249550.3
.......-..+............+.....+.-.
Refine 2 cut : sum of pair========= 5 => -249566.3
....+..++.......+.........+.+..-.
Refine 2 cut : sum of pair========= 6 => -249611.3
.......-......................---
Refine 2 cut : sum of pair========= 7 => -249611.3
true
/home/lgutierr/projects/rrg-chauvec/lgutierr/subfamilies/synteny_in_x_vs_n-x-q/synteny_in_3_and_n-3-2/Alignments/F1_F2/NT_Al/MZ22518279_MZ22511606.fasta
------
------
------
Apply exportAlignment on F1
MZ22518279
------
3	 sequence(s) with genetic code	The_Standard_Code
true
/home/lgutierr/projects/rrg-chauvec/lgutierr/subfamilies/synteny_in_x_vs_n-x-q/synteny_in_3_and_n-3-2/Alignments/F1/NT_exp/MZ22518279.fasta

Apply exportAlignment on F2
MZ22511606
------
14	 sequence(s) with genetic code	The_Standard_Code
true
/home/lgutierr/projects/rrg-chauvec/lgutierr/subfamilies/synteny_in_x_vs_n-x-q/synteny_in_3_and_n-3-2/Alignments/F2/NT_exp/MZ22511606.fasta

Apply exportAlignment on F1_F2
MZ22518279_MZ22511606
------
17	 sequence(s) with genetic code	The_Standard_Code
true
/home/lgutierr/projects/rrg-chauvec/lgutierr/subfamilies/synteny_in_x_vs_n-x-q/synteny_in_3_and_n-3-2/Alignments/F1_F2/NT_exp/MZ22518279_MZ22511606.fasta
------
------
------
Apply splitAlignment on F1_F2 to get F1P and F2P
MZ22518279_MZ22511606
F1P MZ22518279
F2P MZ22511606
------
17	 sequence(s) with genetic code	The_Standard_Code
(seq_7,seq_19,seq_21)
------
------
------
QSCORE F1 and F1P
MZ22518279
------

***ERROR***
Test seq 0 (AXCM01001431 dna:supercontig) differs from ref seq 1 (AXCM01001431 dna:supercontig), ref col 1260=C, test=G
Test file: /home/lgutierr/projects/rrg-chauvec/lgutierr/subfamilies/synteny_in_x_vs_n-x-q/synteny_in_3_and_n-3-2/Alignments/F1P/MZ22518279.fasta
Ref  file: /home/lgutierr/projects/rrg-chauvec/lgutierr/subfamilies/synteny_in_x_vs_n-x-q/synteny_in_3_and_n-3-2/Alignments/F1/NT_exp/MZ22518279.fasta

QSCORE F2 and F2P
MZ22511606
------

***ERROR***
Test seq 11 (KB670214) differs from ref seq 10 (KB670214), ref col 616=A, test=G
Test file: /home/lgutierr/projects/rrg-chauvec/lgutierr/subfamilies/synteny_in_x_vs_n-x-q/synteny_in_3_and_n-3-2/Alignments/F2P/MZ22511606.fasta
Ref  file: /home/lgutierr/projects/rrg-chauvec/lgutierr/subfamilies/synteny_in_x_vs_n-x-q/synteny_in_3_and_n-3-2/Alignments/F2/NT_exp/MZ22511606.fasta
------
------
 
 
END
 
 
------
------
